[2026-05-07 11:35:11] User registration failed
{
    "phone": "0327954564",
    "error": "SQLSTATE[23000]: Integrity constraint violation: 1062 Duplicate entry 'vuongvidlls@gmail.com' for key 'email'"
}
[2026-05-07 11:36:39] User registration failed
{
    "phone": "0327954563",
    "error": "SQLSTATE[23000]: Integrity constraint violation: 1062 Duplicate entry 'vi@1234' for key 'email'"
}
[2026-05-07 12:09:18] User registration failed
{
    "phone": "0327954560",
    "error": "SQLSTATE[23000]: Integrity constraint violation: 1062 Duplicate entry 'haha@123' for key 'email'"
}
[2026-05-13 11:16:46] User registration failed
{
    "phone": "0399998888",
    "error": "SQLSTATE[23000]: Integrity constraint violation: 1062 Duplicate entry 'codex_auth_0513161615@test.local' for key 'email'"
}
[2026-05-14 12:07:55] Auth controller error
{
    "error": "SQLSTATE[42S22]: Column not found: 1054 Unknown column 'address' in 'field list'"
}
[2026-05-14 12:09:03] Auth controller error
{
    "error": "SQLSTATE[42S22]: Column not found: 1054 Unknown column 'password' in 'field list'"
}
[2026-05-14 12:09:06] Auth controller error
{
    "error": "SQLSTATE[42S22]: Column not found: 1054 Unknown column 'password' in 'field list'"
}
[2026-05-14 12:09:09] Auth controller error
{
    "error": "SQLSTATE[42S22]: Column not found: 1054 Unknown column 'password' in 'field list'"
}
